<?xml version="1.0" encoding="utf-8"?><testsuites><testsuite name="pytest" errors="0" failures="0" skipped="0" tests="5" time="68.746" timestamp="2024-04-08T13:38:25.993694" hostname="LAPTOP-E7T4GDBM"><testcase classname="integration_tests.tests.demo.dynamic_loading_test.TestDynamicLoading" name="test_hidden_element" time="12.465" /><testcase classname="integration_tests.tests.demo.dynamic_loading_test.TestDynamicLoading" name="test_rendered_element" time="12.512" /><testcase classname="integration_tests.tests.demo.file_upload_test.TestFileUpload" name="test_file_upload" time="7.466" /><testcase classname="integration_tests.tests.demo.login_test.TestLogin" name="test_valid_credentials" time="7.937" /><testcase classname="integration_tests.tests.demo.login_test.TestLogin" name="test_invalid_credentials" time="7.792" /></testsuite></testsuites>